<?xml version="1.0" encoding="UTF-8"?>
<!-- Generated by org.testng.reporters.JUnitReportReporter -->
<testsuite hostname="KINGSMAN-PC" failures="0" tests="1" name="com.actitime.testscripts.CustomerModule" time="52.906" errors="0" timestamp="2022-09-28T22:43:32 IST" skipped="0">
  <testcase classname="com.actitime.testscripts.CustomerModule" name="testCreateCustomer" time="52.906"/>
  <system-out/>
</testsuite> <!-- com.actitime.testscripts.CustomerModule -->
