<?xml version="1.0" encoding="UTF-8"?>
<!-- Generated by org.testng.reporters.JUnitReportReporter -->
<testsuite hostname="KINGSMAN-PC" failures="0" tests="1" name="com.actitime.testscripts.CustomerModule" time="21.369" errors="0" timestamp="2022-09-27T18:33:26 IST" skipped="0">
  <testcase classname="com.actitime.testscripts.CustomerModule" name="testCreateCustomer" time="21.369"/>
  <system-out/>
</testsuite> <!-- com.actitime.testscripts.CustomerModule -->
