<?xml version="1.0" encoding="UTF-8"?>
<!-- Generated by org.testng.reporters.JUnitReportReporter -->
<testsuite hostname="KINGSMAN-PC" failures="0" tests="1" name="com.actitime.testscripts.CustomerModule" time="38.978" errors="0" timestamp="2022-09-29T11:47:56 IST" skipped="0">
  <testcase classname="com.actitime.testscripts.CustomerModule" name="testCreateCustomer" time="38.978"/>
  <system-out/>
</testsuite> <!-- com.actitime.testscripts.CustomerModule -->
